This file contains any messages produced by compilers while
running configure, to aid debugging if configure makes a mistake.

It was created by stow configure 2.0.2, which was
generated by GNU Autoconf 2.61.  Invocation command line was

  $ ./configure 

## --------- ##
## Platform. ##
## --------- ##

hostname = buffy.finexium.com
uname -m = x86_64
uname -r = 2.6.27.19-170.2.35.fc10.x86_64
uname -s = Linux
uname -v = #1 SMP Mon Feb 23 13:00:23 EST 2009

/usr/bin/uname -p = unknown
/bin/uname -X     = unknown

/bin/arch              = x86_64
/usr/bin/arch -k       = unknown
/usr/convex/getsysinfo = unknown
/usr/bin/hostinfo      = unknown
/bin/machine           = unknown
/usr/bin/oslevel       = unknown
/bin/universe          = unknown

PATH: /home/kal/bin
PATH: /usr/lib64/qt-3.3/bin
PATH: /usr/kerberos/bin
PATH: /usr/lib64/ccache
PATH: /usr/local/bin
PATH: /usr/bin
PATH: /bin
PATH: /usr/local/sbin
PATH: /usr/sbin
PATH: /sbin


## ----------- ##
## Core tests. ##
## ----------- ##

configure:1694: checking for a BSD-compatible install
configure:1750: result: /usr/bin/install -c
configure:1761: checking whether build environment is sane
configure:1804: result: yes
configure:1832: checking for a thread-safe mkdir -p
configure:1871: result: /bin/mkdir -p
configure:1884: checking for gawk
configure:1900: found /usr/bin/gawk
configure:1911: result: gawk
configure:1922: checking whether make sets $(MAKE)
configure:1943: result: yes
configure:2144: checking for a BSD-compatible install
configure:2200: result: /usr/bin/install -c
configure:2216: checking for perl
configure:2234: found /usr/bin/perl
configure:2246: result: /usr/bin/perl
configure:2396: creating ./config.status

## ---------------------- ##
## Running config.status. ##
## ---------------------- ##

This file was extended by stow config.status 2.0.2, which was
generated by GNU Autoconf 2.61.  Invocation command line was

  CONFIG_FILES    = 
  CONFIG_HEADERS  = 
  CONFIG_LINKS    = 
  CONFIG_COMMANDS = 
  $ ./config.status 

on buffy.finexium.com

config.status:589: creating Makefile

## ---------------- ##
## Cache variables. ##
## ---------------- ##

ac_cv_env_build_alias_set=
ac_cv_env_build_alias_value=
ac_cv_env_host_alias_set=
ac_cv_env_host_alias_value=
ac_cv_env_target_alias_set=
ac_cv_env_target_alias_value=
ac_cv_path_PERL=/usr/bin/perl
ac_cv_path_install='/usr/bin/install -c'
ac_cv_path_mkdir=/bin/mkdir
ac_cv_prog_AWK=gawk
ac_cv_prog_make_make_set=yes

## ----------------- ##
## Output variables. ##
## ----------------- ##

ACLOCAL='${SHELL} /home/kal/Projects/old/RMIT/stow/stow-2.0.2/missing --run aclocal-1.10'
AMTAR='${SHELL} /home/kal/Projects/old/RMIT/stow/stow-2.0.2/missing --run tar'
AUTOCONF='${SHELL} /home/kal/Projects/old/RMIT/stow/stow-2.0.2/missing --run autoconf'
AUTOHEADER='${SHELL} /home/kal/Projects/old/RMIT/stow/stow-2.0.2/missing --run autoheader'
AUTOMAKE='${SHELL} /home/kal/Projects/old/RMIT/stow/stow-2.0.2/missing --run automake-1.10'
AWK='gawk'
CYGPATH_W='echo'
DEFS='-DPACKAGE_NAME=\"stow\" -DPACKAGE_TARNAME=\"stow\" -DPACKAGE_VERSION=\"2.0.2\" -DPACKAGE_STRING=\"stow\ 2.0.2\" -DPACKAGE_BUGREPORT=\"bug-stow@gnu.org\" -DPACKAGE=\"stow\" -DVERSION=\"2.0.2\"'
ECHO_C=''
ECHO_N='-n'
ECHO_T=''
INSTALL_DATA='${INSTALL} -m 644'
INSTALL_PROGRAM='${INSTALL}'
INSTALL_SCRIPT='${INSTALL}'
INSTALL_STRIP_PROGRAM='$(install_sh) -c -s'
LIBOBJS=''
LIBS=''
LTLIBOBJS=''
MAKEINFO='${SHELL} /home/kal/Projects/old/RMIT/stow/stow-2.0.2/missing --run makeinfo'
PACKAGE='stow'
PACKAGE_BUGREPORT='bug-stow@gnu.org'
PACKAGE_NAME='stow'
PACKAGE_STRING='stow 2.0.2'
PACKAGE_TARNAME='stow'
PACKAGE_VERSION='2.0.2'
PATH_SEPARATOR=':'
PERL='/usr/bin/perl'
SET_MAKE=''
SHELL='/bin/sh'
STRIP=''
VERSION='2.0.2'
am__isrc=''
am__leading_dot='.'
am__tar='${AMTAR} chof - "$$tardir"'
am__untar='${AMTAR} xf -'
bindir='${exec_prefix}/bin'
build_alias=''
datadir='${datarootdir}'
datarootdir='${prefix}/share'
docdir='${datarootdir}/doc/${PACKAGE_TARNAME}'
dvidir='${docdir}'
exec_prefix='${prefix}'
host_alias=''
htmldir='${docdir}'
includedir='${prefix}/include'
infodir='${datarootdir}/info'
install_sh='$(SHELL) /home/kal/Projects/old/RMIT/stow/stow-2.0.2/install-sh'
libdir='${exec_prefix}/lib'
libexecdir='${exec_prefix}/libexec'
localedir='${datarootdir}/locale'
localstatedir='${prefix}/var'
mandir='${datarootdir}/man'
mkdir_p='/bin/mkdir -p'
oldincludedir='/usr/include'
pdfdir='${docdir}'
prefix='/usr/local'
program_transform_name='s,x,x,'
psdir='${docdir}'
sbindir='${exec_prefix}/sbin'
sharedstatedir='${prefix}/com'
sysconfdir='${prefix}/etc'
target_alias=''

## ----------- ##
## confdefs.h. ##
## ----------- ##

#define PACKAGE_NAME "stow"
#define PACKAGE_TARNAME "stow"
#define PACKAGE_VERSION "2.0.2"
#define PACKAGE_STRING "stow 2.0.2"
#define PACKAGE_BUGREPORT "bug-stow@gnu.org"
#define PACKAGE "stow"
#define VERSION "2.0.2"

configure: exit 0
